  Tutorial3.cpp
d:\classenv10\projects\tutorials\assgiment3-4\project1\tutorial3.cpp(278): warning C4316: 'MyMotionState': object allocated on the heap may not be aligned 16
d:\classenv10\projects\tutorials\assgiment3-4\project1\tutorial3.cpp(360): warning C4305: 'argument': truncation from 'double' to 'const btScalar'
d:\classenv10\projects\tutorials\assgiment3-4\project1\tutorial3.cpp(361): warning C4305: 'argument': truncation from 'double' to 'const btScalar'
d:\classenv10\projects\tutorials\assgiment3-4\project1\tutorial3.cpp(362): warning C4305: 'argument': truncation from 'double' to 'const btScalar'
d:\classenv10\projects\tutorials\assgiment3-4\project1\tutorial3.cpp(363): warning C4305: 'argument': truncation from 'double' to 'const btScalar'
d:\classenv10\projects\tutorials\assgiment3-4\project1\tutorial3.cpp(364): warning C4305: 'argument': truncation from 'double' to 'const btScalar'
d:\classenv10\projects\tutorials\assgiment3-4\project1\tutorial3.cpp(377): warning C4305: 'argument': truncation from 'double' to 'Ogre::Real'
d:\classenv10\projects\tutorials\assgiment3-4\project1\tutorial3.cpp(378): warning C4305: 'argument': truncation from 'double' to 'Ogre::Real'
d:\classenv10\projects\tutorials\assgiment3-4\project1\tutorial3.cpp(379): warning C4305: 'argument': truncation from 'double' to 'Ogre::Real'
d:\classenv10\projects\tutorials\assgiment3-4\project1\tutorial3.cpp(380): warning C4305: 'argument': truncation from 'double' to 'Ogre::Real'
d:\classenv10\projects\tutorials\assgiment3-4\project1\tutorial3.cpp(381): warning C4305: 'argument': truncation from 'double' to 'Ogre::Real'
d:\classenv10\projects\tutorials\assgiment3-4\project1\tutorial3.cpp(382): warning C4305: 'argument': truncation from 'double' to 'Ogre::Real'
d:\classenv10\projects\tutorials\assgiment3-4\project1\tutorial3.cpp(383): warning C4305: 'argument': truncation from 'double' to 'Ogre::Real'
d:\classenv10\projects\tutorials\assgiment3-4\project1\tutorial3.cpp(384): warning C4305: 'argument': truncation from 'double' to 'Ogre::Real'
d:\classenv10\projects\tutorials\assgiment3-4\project1\tutorial3.cpp(385): warning C4305: 'argument': truncation from 'double' to 'Ogre::Real'
d:\classenv10\projects\tutorials\assgiment3-4\project1\tutorial3.cpp(386): warning C4305: 'argument': truncation from 'double' to 'Ogre::Real'
d:\classenv10\projects\tutorials\assgiment3-4\project1\tutorial3.cpp(387): warning C4305: 'argument': truncation from 'double' to 'Ogre::Real'
d:\classenv10\projects\tutorials\assgiment3-4\project1\tutorial3.cpp(388): warning C4305: 'argument': truncation from 'double' to 'Ogre::Real'
d:\classenv10\projects\tutorials\assgiment3-4\project1\tutorial3.cpp(389): warning C4305: 'argument': truncation from 'double' to 'Ogre::Real'
d:\classenv10\projects\tutorials\assgiment3-4\project1\tutorial3.cpp(390): warning C4305: 'argument': truncation from 'double' to 'Ogre::Real'
d:\classenv10\projects\tutorials\assgiment3-4\project1\tutorial3.cpp(391): warning C4305: 'argument': truncation from 'double' to 'Ogre::Real'
d:\classenv10\projects\tutorials\assgiment3-4\project1\tutorial3.cpp(392): warning C4305: 'argument': truncation from 'double' to 'Ogre::Real'
d:\classenv10\projects\tutorials\assgiment3-4\project1\tutorial3.cpp(393): warning C4305: 'argument': truncation from 'double' to 'Ogre::Real'
d:\classenv10\projects\tutorials\assgiment3-4\project1\tutorial3.cpp(394): warning C4305: 'argument': truncation from 'double' to 'Ogre::Real'
d:\classenv10\projects\tutorials\assgiment3-4\project1\tutorial3.cpp(395): warning C4305: 'argument': truncation from 'double' to 'Ogre::Real'
d:\classenv10\projects\tutorials\assgiment3-4\project1\tutorial3.cpp(396): warning C4305: 'argument': truncation from 'double' to 'Ogre::Real'
d:\classenv10\projects\tutorials\assgiment3-4\project1\tutorial3.cpp(416): warning C4305: 'argument': truncation from 'double' to 'Ogre::Real'
d:\classenv10\projects\tutorials\assgiment3-4\project1\tutorial3.cpp(427): warning C4305: 'argument': truncation from 'double' to 'float'
d:\classenv10\projects\tutorials\assgiment3-4\project1\tutorial3.cpp(429): warning C4305: 'argument': truncation from 'double' to 'const Ogre::Real'
d:\classenv10\projects\tutorials\assgiment3-4\project1\tutorial3.cpp(436): warning C4305: 'argument': truncation from 'double' to 'float'
d:\classenv10\projects\tutorials\assgiment3-4\project1\tutorial3.cpp(439): warning C4305: 'argument': truncation from 'double' to 'float'
d:\classenv10\projects\tutorials\assgiment3-4\project1\tutorial3.cpp(504): warning C4305: 'argument': truncation from 'double' to 'float'
d:\classenv10\projects\tutorials\assgiment3-4\project1\tutorial3.cpp(505): warning C4305: 'argument': truncation from 'double' to 'float'
d:\classenv10\projects\tutorials\assgiment3-4\project1\tutorial3.cpp(509): warning C4305: 'argument': truncation from 'double' to 'float'
d:\classenv10\projects\tutorials\assgiment3-4\project1\tutorial3.cpp(510): warning C4305: 'argument': truncation from 'double' to 'float'
d:\classenv10\projects\tutorials\assgiment3-4\project1\tutorial3.cpp(514): warning C4305: 'argument': truncation from 'double' to 'float'
d:\classenv10\projects\tutorials\assgiment3-4\project1\tutorial3.cpp(515): warning C4305: 'argument': truncation from 'double' to 'float'
d:\classenv10\projects\tutorials\assgiment3-4\project1\tutorial3.cpp(519): warning C4305: 'argument': truncation from 'double' to 'float'
d:\classenv10\projects\tutorials\assgiment3-4\project1\tutorial3.cpp(520): warning C4305: 'argument': truncation from 'double' to 'float'
d:\classenv10\projects\tutorials\assgiment3-4\project1\tutorial3.cpp(524): warning C4305: 'argument': truncation from 'double' to 'float'
d:\classenv10\projects\tutorials\assgiment3-4\project1\tutorial3.cpp(529): warning C4305: 'argument': truncation from 'double' to 'float'
d:\classenv10\projects\tutorials\assgiment3-4\project1\tutorial3.cpp(530): warning C4305: 'argument': truncation from 'double' to 'float'
d:\classenv10\projects\tutorials\assgiment3-4\project1\tutorial3.cpp(534): warning C4305: 'argument': truncation from 'double' to 'float'
d:\classenv10\projects\tutorials\assgiment3-4\project1\tutorial3.cpp(535): warning C4305: 'argument': truncation from 'double' to 'float'
d:\classenv10\projects\tutorials\assgiment3-4\project1\tutorial3.cpp(539): warning C4305: 'argument': truncation from 'double' to 'float'
d:\classenv10\projects\tutorials\assgiment3-4\project1\tutorial3.cpp(540): warning C4305: 'argument': truncation from 'double' to 'float'
  Project1.vcxproj -> D:\classENV10\Build9\bin\debug\Project1.exe
  Project1.vcxproj -> D:\classENV10\Build9\bin\debug\Project1.pdb (Full PDB)
          0 file(s) copied.
